#
# A fatal error has been detected by the Java Runtime Environment:
#
#  EXCEPTION_ACCESS_VIOLATION (0xc0000005) at pc=0x00007ff920310563, pid=18084, tid=11268
#
# JRE version: Java(TM) SE Runtime Environment (16.0.2+7) (build 16.0.2+7-67)
# Java VM: Java HotSpot(TM) 64-Bit Server VM (16.0.2+7-67, mixed mode, sharing, tiered, compressed oops, compressed class ptrs, g1 gc, windows-amd64)
# Problematic frame:
# V  [jvm.dll+0x240563]
#
# No core dump will be written. Minidumps are not enabled by default on client versions of Windows
#
# If you would like to submit a bug report, please visit:
#   https://bugreport.java.com/bugreport/crash.jsp
#

---------------  S U M M A R Y ------------

Command Line: -XX:+ShowCodeDetailsInExceptionMessages -agentlib:jdwp=transport=dt_socket,suspend=y,address=localhost:64499 -javaagent:C:\Users\Bozhidar Kapudzhiev\eclipse\java-2022-06\eclipse\configuration\org.eclipse.osgi\215\0\.cp\lib\javaagent-shaded.jar -Dfile.encoding=UTF-8 Chapter4.Ex1

Host: Intel(R) Core(TM) i3-7020U CPU @ 2.30GHz, 4 cores, 7G,  Windows 10 , 64 bit Build 19041 (10.0.19041.1741)
Time: Fri Jul  1 16:34:23 2022  Windows 10 , 64 bit Build 19041 (10.0.19041.1741) elapsed time: 220.378974 seconds (0d 0h 3m 40s)

---------------  T H R E A D  ---------------

Current thread (0x0000023cdb74bcd0):  VMThread "VM Thread" [stack: 0x000000fda1200000,0x000000fda1300000] [id=11268]

Stack: [0x000000fda1200000,0x000000fda1300000],  sp=0x000000fda12ff670,  free space=1021k
Native frames: (J=compiled Java code, j=interpreted, Vv=VM code, C=native code)
V  [jvm.dll+0x240563]
V  [jvm.dll+0x525333]
V  [jvm.dll+0x1f3bfb]
V  [jvm.dll+0x1f5e67]
V  [jvm.dll+0x52575a]
V  [jvm.dll+0x7d00ab]
V  [jvm.dll+0x7d0da4]
V  [jvm.dll+0x7d12a9]
V  [jvm.dll+0x7d1564]
V  [jvm.dll+0x7d1630]
V  [jvm.dll+0x7795aa]
V  [jvm.dll+0x667066]
C  [ucrtbase.dll+0x21bb2]
C  [KERNEL32.DLL+0x17034]
C  [ntdll.dll+0x52651]


siginfo: EXCEPTION_ACCESS_VIOLATION (0xc0000005), reading address 0x00004e207fffffff


Register to memory mapping:

RIP=0x00007ff920310563 jvm.dll
RAX=0x00004e207fffffff is an unknown value
RBX=0x0000023cdc03b548 is pointing into metadata
RCX=0x00004e207fffffff is an unknown value
RDX=0x000000fda12ff758 points into unknown readable memory: 0x00007ff920416000 | 00 60 41 20 f9 7f 00 00
RSP=0x000000fda12ff670 points into unknown readable memory: 0x0000023cdb73ec68 | 68 ec 73 db 3c 02 00 00
RBP=0x0000000000000003 is an unknown value
RSI=0x0000000800c076e0 is a pointer to class: 
Chapter4.Ex1 {0x0000000800c076e8}
RDI={method} {0x0000000800041bb0} '<init>' '(Ljava/lang/String;)V' in 'java/lang/Error'
R8 =0x0000000000000002 is an unknown value
R9 =0x0 is NULL
R10=0x0000000800c078d0 is pointing into metadata
R11=0x0000000000000005 is an unknown value
R12=0x0 is NULL
R13=0x00007ff920be0980 jvm.dll
R14=0x000000fda12ff758 points into unknown readable memory: 0x00007ff920416000 | 00 60 41 20 f9 7f 00 00
R15=0x0000023cdc03b4c0 is pointing into metadata


Registers:
RAX=0x00004e207fffffff, RBX=0x0000023cdc03b548, RCX=0x00004e207fffffff, RDX=0x000000fda12ff758
RSP=0x000000fda12ff670, RBP=0x0000000000000003, RSI=0x0000000800c076e0, RDI=0x0000000800041ba8
R8 =0x0000000000000002, R9 =0x0000000000000000, R10=0x0000000800c078d0, R11=0x0000000000000005
R12=0x0000000000000000, R13=0x00007ff920be0980, R14=0x000000fda12ff758, R15=0x0000023cdc03b4c0
RIP=0x00007ff920310563, EFLAGS=0x0000000000010206

Top of Stack: (sp=0x000000fda12ff670)
0x000000fda12ff670:   0000023cdb73ec68 0000023cdb73e920
0x000000fda12ff680:   00007ff920be0980 00000000000003d8
0x000000fda12ff690:   0000023cdb73ec68 0000023cdb73e920
0x000000fda12ff6a0:   00000000000003d8 00007ff9205f5333
0x000000fda12ff6b0:   0000023cdc03b378 0000000800c076e0
0x000000fda12ff6c0:   0000023cdb610a90 0000023cdb73e880
0x000000fda12ff6d0:   0000000800c076e0 0000000000000000
0x000000fda12ff6e0:   00007ff900000000 0000023cdb74bcd0
0x000000fda12ff6f0:   0000023cdb610250 0000023cdb74bfd0
0x000000fda12ff700:   0000023cdb74c000 0000023cdb74c0b8
0x000000fda12ff710:   00000000000000d8 000000fda12ff7b0
0x000000fda12ff720:   00000000000003d8 0000000000000000
0x000000fda12ff730:   00007ff920973000 00000000895a57e0
0x000000fda12ff740:   000000fda12ff830 00007ff9202c3bfb
0x000000fda12ff750:   0000000800c076e0 00007ff920416000
0x000000fda12ff760:   000000fda12ff830 0000023cbe00c9d0 

Instructions: (pc=0x00007ff920310563)
0x00007ff920310463:   8b 05 77 cb 8c 00 c3 cc cc cc cc cc cc 48 89 4c
0x00007ff920310473:   24 08 48 89 54 24 10 4c 89 44 24 18 4c 89 4c 24
0x00007ff920310483:   20 48 83 ec 28 4c 8b c1 4c 8d 4c 24 38 48 8d 0d
0x00007ff920310493:   79 d9 88 00 ba 01 00 00 00 e8 af ff 31 00 48 83
0x00007ff9203104a3:   c4 28 c3 cc cc cc cc cc cc cc cc cc cc 48 89 4c
0x00007ff9203104b3:   24 08 48 89 54 24 10 4c 89 44 24 18 4c 89 4c 24
0x00007ff9203104c3:   20 48 83 ec 28 4c 8b c1 4c 8d 4c 24 38 48 8d 0d
0x00007ff9203104d3:   a9 d9 88 00 ba 03 00 00 00 e8 6f ff 31 00 48 83
0x00007ff9203104e3:   c4 28 c3 cc cc cc cc cc cc cc cc cc cc 48 89 6c
0x00007ff9203104f3:   24 20 41 54 41 56 41 57 48 83 ec 20 45 33 e4 4c
0x00007ff920310503:   8b f2 4c 8b f9 41 8b ec 44 39 21 0f 8e 48 01 00
0x00007ff920310513:   00 48 89 5c 24 40 48 8d 59 28 48 89 74 24 48 48
0x00007ff920310523:   89 7c 24 50 66 0f 1f 84 00 00 00 00 00 48 8b 43
0x00007ff920310533:   10 48 c1 e8 1a f6 d0 a8 01 0f 84 fc 00 00 00 48
0x00007ff920310543:   8b 43 10 48 c1 e8 14 a8 01 74 06 48 8b 7b 08 eb
0x00007ff920310553:   22 48 8b 03 48 85 c0 0f 84 de 00 00 00 48 8b 0b
0x00007ff920310563:   48 8b 01 ff 50 10 84 c0 75 06 48 8b 7b 08 eb 03
0x00007ff920310573:   48 8b 3b 48 85 ff 0f 84 bf 00 00 00 48 8b 07 48
0x00007ff920310583:   8b cf ff 50 10 84 c0 0f 84 ae 00 00 00 8b 4f 20
0x00007ff920310593:   8b c1 c1 e8 10 a8 01 0f 84 9e 00 00 00 c1 e9 0f
0x00007ff9203105a3:   f6 c1 01 74 18 48 8b 43 f8 0f b7 c8 48 89 4b f8
0x00007ff9203105b3:   4c 89 23 4c 89 63 10 4c 89 63 08 eb 7e 48 8b 57
0x00007ff9203105c3:   08 48 8b 42 08 0f b7 52 36 48 8b 48 18 e8 8b 80
0x00007ff9203105d3:   12 00 48 8b 4b 10 48 8b f0 48 c1 e9 14 f6 c1 01
0x00007ff9203105e3:   74 16 48 8b 4b 08 48 3b cf 75 50 48 89 43 08 48
0x00007ff9203105f3:   8d 0d 67 3e 69 00 eb 35 48 8b 0b 48 8b 01 ff 50
0x00007ff920310603:   10 84 c0 75 16 48 8b 43 08 48 3b c7 75 2d 48 89
0x00007ff920310613:   73 08 48 8d 0d 4c 3e 69 00 eb 12 48 8b 03 48 3b
0x00007ff920310623:   c7 75 18 48 89 33 48 8d 0d 48 3e 69 00 4d 8b ce
0x00007ff920310633:   4c 8b c6 48 8b d7 e8 42 05 00 00 ff c5 48 83 c3
0x00007ff920310643:   20 41 3b 2f 0f 8c e3 fe ff ff 48 8b 7c 24 50 48
0x00007ff920310653:   8b 74 24 48 48 8b 5c 24 40 48 8b 6c 24 58 48 83 


Stack slot to memory mapping:
stack at sp + 0 slots: 0x0000023cdb73ec68 points into unknown readable memory: 0x1013e9f786d758b0 | b0 58 d7 86 f7 e9 13 10
stack at sp + 1 slots: 0x0000023cdb73e920 points into unknown readable memory: 0x3472657470616843 | 43 68 61 70 74 65 72 34
stack at sp + 2 slots: 0x00007ff920be0980 jvm.dll
stack at sp + 3 slots: 0x00000000000003d8 is an unknown value
stack at sp + 4 slots: 0x0000023cdb73ec68 points into unknown readable memory: 0x1013e9f786d758b0 | b0 58 d7 86 f7 e9 13 10
stack at sp + 5 slots: 0x0000023cdb73e920 points into unknown readable memory: 0x3472657470616843 | 43 68 61 70 74 65 72 34
stack at sp + 6 slots: 0x00000000000003d8 is an unknown value
stack at sp + 7 slots: 0x00007ff9205f5333 jvm.dll

VM_Operation (0x000000fda1dff4e0): RedefineClasses, mode: safepoint, requested by thread 0x0000023cdc517120, redefining class Chapter4.Ex1



---------------  P R O C E S S  ---------------

Threads class SMR info:
_java_thread_list=0x0000023cdc632700, length=15, elements={
0x0000023cbdffbf60, 0x0000023cdb74f920, 0x0000023cdb750df0, 0x0000023cdb761970,
0x0000023cdb764380, 0x0000023cdb764d80, 0x0000023cdb76ac90, 0x0000023cdb773a80,
0x0000023cdb7754d0, 0x0000023cdb77c330, 0x0000023cdc474ad0, 0x0000023cdc517120,
0x0000023cdc5c88b0, 0x0000023cdc5dade0, 0x0000023cdc635410
}

Java Threads: ( => current thread )
  0x0000023cbdffbf60 JavaThread "main" [_thread_blocked, id=13600, stack(0x000000fda0c00000,0x000000fda0d00000)]
  0x0000023cdb74f920 JavaThread "Reference Handler" daemon [_thread_blocked, id=15072, stack(0x000000fda1300000,0x000000fda1400000)]
  0x0000023cdb750df0 JavaThread "Finalizer" daemon [_thread_blocked, id=18584, stack(0x000000fda1400000,0x000000fda1500000)]
  0x0000023cdb761970 JavaThread "Signal Dispatcher" daemon [_thread_blocked, id=14156, stack(0x000000fda1500000,0x000000fda1600000)]
  0x0000023cdb764380 JavaThread "Attach Listener" daemon [_thread_blocked, id=14056, stack(0x000000fda1600000,0x000000fda1700000)]
  0x0000023cdb764d80 JavaThread "Service Thread" daemon [_thread_blocked, id=2808, stack(0x000000fda1700000,0x000000fda1800000)]
  0x0000023cdb76ac90 JavaThread "Monitor Deflation Thread" daemon [_thread_blocked, id=12092, stack(0x000000fda1800000,0x000000fda1900000)]
  0x0000023cdb773a80 JavaThread "C2 CompilerThread0" daemon [_thread_blocked, id=21088, stack(0x000000fda1900000,0x000000fda1a00000)]
  0x0000023cdb7754d0 JavaThread "C1 CompilerThread0" daemon [_thread_blocked, id=14136, stack(0x000000fda1a00000,0x000000fda1b00000)]
  0x0000023cdb77c330 JavaThread "Sweeper thread" daemon [_thread_blocked, id=14532, stack(0x000000fda1b00000,0x000000fda1c00000)]
  0x0000023cdc474ad0 JavaThread "Common-Cleaner" daemon [_thread_blocked, id=11044, stack(0x000000fda1c00000,0x000000fda1d00000)]
  0x0000023cdc517120 JavaThread "JDWP Transport Listener: dt_socket" daemon [_thread_blocked, id=14240, stack(0x000000fda1d00000,0x000000fda1e00000)]
  0x0000023cdc5c88b0 JavaThread "JDWP Event Helper Thread" daemon [_thread_blocked, id=12408, stack(0x000000fda1e00000,0x000000fda1f00000)]
  0x0000023cdc5dade0 JavaThread "JDWP Command Reader" daemon [_thread_in_native, id=5888, stack(0x000000fda1f00000,0x000000fda2000000)]
  0x0000023cdc635410 JavaThread "Notification Thread" daemon [_thread_blocked, id=2972, stack(0x000000fda2000000,0x000000fda2100000)]

Other Threads:
=>0x0000023cdb74bcd0 VMThread "VM Thread" [stack: 0x000000fda1200000,0x000000fda1300000] [id=11268]
  0x0000023cdc635930 WatcherThread [stack: 0x000000fda2100000,0x000000fda2200000] [id=18572]
  0x0000023cbe03aea0 GCTaskThread "GC Thread#0" [stack: 0x000000fda0d00000,0x000000fda0e00000] [id=8816]
  0x0000023cbe04c3c0 ConcurrentGCThread "G1 Main Marker" [stack: 0x000000fda0e00000,0x000000fda0f00000] [id=16740]
  0x0000023cbe04ce30 ConcurrentGCThread "G1 Conc#0" [stack: 0x000000fda0f00000,0x000000fda1000000] [id=2132]
  0x0000023cbe0c9b10 ConcurrentGCThread "G1 Refine#0" [stack: 0x000000fda1000000,0x000000fda1100000] [id=13328]
  0x0000023cbe0ca590 ConcurrentGCThread "G1 Service" [stack: 0x000000fda1100000,0x000000fda1200000] [id=13440]

Threads with active compile tasks:

VM state: at safepoint (normal execution)

VM Mutex/Monitor currently owned by a thread:  ([mutex/lock_event])
[0x0000023cbdff72d0] Threads_lock - owner thread: 0x0000023cdb74bcd0

Heap address: 0x0000000081600000, size: 2026 MB, Compressed Oops mode: 32-bit

CDS archive(s) mapped at: [0x0000000800000000-0x0000000800bb0000-0x0000000800bb0000), size 12255232, SharedBaseAddress: 0x0000000800000000, ArchiveRelocationMode: 0.
Compressed class space mapped at: 0x0000000800c00000-0x0000000840c00000, reserved size: 1073741824
Narrow klass base: 0x0000000800000000, Narrow klass shift: 3, Narrow klass range: 0x100000000

GC Precious Log:
 CPUs: 4 total, 4 available
 Memory: 8103M
 Large Page Support: Disabled
 NUMA Support: Disabled
 Compressed Oops: Enabled (32-bit)
 Heap Region Size: 1M
 Heap Min Capacity: 8M
 Heap Initial Capacity: 128M
 Heap Max Capacity: 2026M
 Pre-touch: Disabled
 Parallel Workers: 4
 Concurrent Workers: 1
 Concurrent Refinement Workers: 4
 Periodic GC: Disabled

Heap:
 garbage-first heap   total 131072K, used 4096K [0x0000000081600000, 0x0000000100000000)
  region size 1024K, 5 young (5120K), 0 survivors (0K)
 Metaspace       used 2595K, committed 2752K, reserved 1056768K
  class space    used 225K, committed 320K, reserved 1048576K

Heap Regions: E=young(eden), S=young(survivor), O=old, HS=humongous(starts), HC=humongous(continues), CS=collection set, F=free, OA=open archive, CA=closed archive, TAMS=top-at-mark-start (previous, next)
|   0|0x0000000081600000, 0x0000000081600000, 0x0000000081700000|  0%| F|  |TAMS 0x0000000081600000, 0x0000000081600000| Untracked 
|   1|0x0000000081700000, 0x0000000081700000, 0x0000000081800000|  0%| F|  |TAMS 0x0000000081700000, 0x0000000081700000| Untracked 
|   2|0x0000000081800000, 0x0000000081800000, 0x0000000081900000|  0%| F|  |TAMS 0x0000000081800000, 0x0000000081800000| Untracked 
|   3|0x0000000081900000, 0x0000000081900000, 0x0000000081a00000|  0%| F|  |TAMS 0x0000000081900000, 0x0000000081900000| Untracked 
|   4|0x0000000081a00000, 0x0000000081a00000, 0x0000000081b00000|  0%| F|  |TAMS 0x0000000081a00000, 0x0000000081a00000| Untracked 
|   5|0x0000000081b00000, 0x0000000081b00000, 0x0000000081c00000|  0%| F|  |TAMS 0x0000000081b00000, 0x0000000081b00000| Untracked 
|   6|0x0000000081c00000, 0x0000000081c00000, 0x0000000081d00000|  0%| F|  |TAMS 0x0000000081c00000, 0x0000000081c00000| Untracked 
|   7|0x0000000081d00000, 0x0000000081d00000, 0x0000000081e00000|  0%| F|  |TAMS 0x0000000081d00000, 0x0000000081d00000| Untracked 
|   8|0x0000000081e00000, 0x0000000081e00000, 0x0000000081f00000|  0%| F|  |TAMS 0x0000000081e00000, 0x0000000081e00000| Untracked 
|   9|0x0000000081f00000, 0x0000000081f00000, 0x0000000082000000|  0%| F|  |TAMS 0x0000000081f00000, 0x0000000081f00000| Untracked 
|  10|0x0000000082000000, 0x0000000082000000, 0x0000000082100000|  0%| F|  |TAMS 0x0000000082000000, 0x0000000082000000| Untracked 
|  11|0x0000000082100000, 0x0000000082100000, 0x0000000082200000|  0%| F|  |TAMS 0x0000000082100000, 0x0000000082100000| Untracked 
|  12|0x0000000082200000, 0x0000000082200000, 0x0000000082300000|  0%| F|  |TAMS 0x0000000082200000, 0x0000000082200000| Untracked 
|  13|0x0000000082300000, 0x0000000082300000, 0x0000000082400000|  0%| F|  |TAMS 0x0000000082300000, 0x0000000082300000| Untracked 
|  14|0x0000000082400000, 0x0000000082400000, 0x0000000082500000|  0%| F|  |TAMS 0x0000000082400000, 0x0000000082400000| Untracked 
|  15|0x0000000082500000, 0x0000000082500000, 0x0000000082600000|  0%| F|  |TAMS 0x0000000082500000, 0x0000000082500000| Untracked 
|  16|0x0000000082600000, 0x0000000082600000, 0x0000000082700000|  0%| F|  |TAMS 0x0000000082600000, 0x0000000082600000| Untracked 
|  17|0x0000000082700000, 0x0000000082700000, 0x0000000082800000|  0%| F|  |TAMS 0x0000000082700000, 0x0000000082700000| Untracked 
|  18|0x0000000082800000, 0x0000000082800000, 0x0000000082900000|  0%| F|  |TAMS 0x0000000082800000, 0x0000000082800000| Untracked 
|  19|0x0000000082900000, 0x0000000082900000, 0x0000000082a00000|  0%| F|  |TAMS 0x0000000082900000, 0x0000000082900000| Untracked 
|  20|0x0000000082a00000, 0x0000000082a00000, 0x0000000082b00000|  0%| F|  |TAMS 0x0000000082a00000, 0x0000000082a00000| Untracked 
|  21|0x0000000082b00000, 0x0000000082b00000, 0x0000000082c00000|  0%| F|  |TAMS 0x0000000082b00000, 0x0000000082b00000| Untracked 
|  22|0x0000000082c00000, 0x0000000082c00000, 0x0000000082d00000|  0%| F|  |TAMS 0x0000000082c00000, 0x0000000082c00000| Untracked 
|  23|0x0000000082d00000, 0x0000000082d00000, 0x0000000082e00000|  0%| F|  |TAMS 0x0000000082d00000, 0x0000000082d00000| Untracked 
|  24|0x0000000082e00000, 0x0000000082e00000, 0x0000000082f00000|  0%| F|  |TAMS 0x0000000082e00000, 0x0000000082e00000| Untracked 
|  25|0x0000000082f00000, 0x0000000082f00000, 0x0000000083000000|  0%| F|  |TAMS 0x0000000082f00000, 0x0000000082f00000| Untracked 
|  26|0x0000000083000000, 0x0000000083000000, 0x0000000083100000|  0%| F|  |TAMS 0x0000000083000000, 0x0000000083000000| Untracked 
|  27|0x0000000083100000, 0x0000000083100000, 0x0000000083200000|  0%| F|  |TAMS 0x0000000083100000, 0x0000000083100000| Untracked 
|  28|0x0000000083200000, 0x0000000083200000, 0x0000000083300000|  0%| F|  |TAMS 0x0000000083200000, 0x0000000083200000| Untracked 
|  29|0x0000000083300000, 0x0000000083300000, 0x0000000083400000|  0%| F|  |TAMS 0x0000000083300000, 0x0000000083300000| Untracked 
|  30|0x0000000083400000, 0x0000000083400000, 0x0000000083500000|  0%| F|  |TAMS 0x0000000083400000, 0x0000000083400000| Untracked 
|  31|0x0000000083500000, 0x0000000083500000, 0x0000000083600000|  0%| F|  |TAMS 0x0000000083500000, 0x0000000083500000| Untracked 
|  32|0x0000000083600000, 0x0000000083600000, 0x0000000083700000|  0%| F|  |TAMS 0x0000000083600000, 0x0000000083600000| Untracked 
|  33|0x0000000083700000, 0x0000000083700000, 0x0000000083800000|  0%| F|  |TAMS 0x0000000083700000, 0x0000000083700000| Untracked 
|  34|0x0000000083800000, 0x0000000083800000, 0x0000000083900000|  0%| F|  |TAMS 0x0000000083800000, 0x0000000083800000| Untracked 
|  35|0x0000000083900000, 0x0000000083900000, 0x0000000083a00000|  0%| F|  |TAMS 0x0000000083900000, 0x0000000083900000| Untracked 
|  36|0x0000000083a00000, 0x0000000083a00000, 0x0000000083b00000|  0%| F|  |TAMS 0x0000000083a00000, 0x0000000083a00000| Untracked 
|  37|0x0000000083b00000, 0x0000000083b00000, 0x0000000083c00000|  0%| F|  |TAMS 0x0000000083b00000, 0x0000000083b00000| Untracked 
|  38|0x0000000083c00000, 0x0000000083c00000, 0x0000000083d00000|  0%| F|  |TAMS 0x0000000083c00000, 0x0000000083c00000| Untracked 
|  39|0x0000000083d00000, 0x0000000083d00000, 0x0000000083e00000|  0%| F|  |TAMS 0x0000000083d00000, 0x0000000083d00000| Untracked 
|  40|0x0000000083e00000, 0x0000000083e00000, 0x0000000083f00000|  0%| F|  |TAMS 0x0000000083e00000, 0x0000000083e00000| Untracked 
|  41|0x0000000083f00000, 0x0000000083f00000, 0x0000000084000000|  0%| F|  |TAMS 0x0000000083f00000, 0x0000000083f00000| Untracked 
|  42|0x0000000084000000, 0x0000000084000000, 0x0000000084100000|  0%| F|  |TAMS 0x0000000084000000, 0x0000000084000000| Untracked 
|  43|0x0000000084100000, 0x0000000084100000, 0x0000000084200000|  0%| F|  |TAMS 0x0000000084100000, 0x0000000084100000| Untracked 
|  44|0x0000000084200000, 0x0000000084200000, 0x0000000084300000|  0%| F|  |TAMS 0x0000000084200000, 0x0000000084200000| Untracked 
|  45|0x0000000084300000, 0x0000000084300000, 0x0000000084400000|  0%| F|  |TAMS 0x0000000084300000, 0x0000000084300000| Untracked 
|  46|0x0000000084400000, 0x0000000084400000, 0x0000000084500000|  0%| F|  |TAMS 0x0000000084400000, 0x0000000084400000| Untracked 
|  47|0x0000000084500000, 0x0000000084500000, 0x0000000084600000|  0%| F|  |TAMS 0x0000000084500000, 0x0000000084500000| Untracked 
|  48|0x0000000084600000, 0x0000000084600000, 0x0000000084700000|  0%| F|  |TAMS 0x0000000084600000, 0x0000000084600000| Untracked 
|  49|0x0000000084700000, 0x0000000084700000, 0x0000000084800000|  0%| F|  |TAMS 0x0000000084700000, 0x0000000084700000| Untracked 
|  50|0x0000000084800000, 0x0000000084800000, 0x0000000084900000|  0%| F|  |TAMS 0x0000000084800000, 0x0000000084800000| Untracked 
|  51|0x0000000084900000, 0x0000000084900000, 0x0000000084a00000|  0%| F|  |TAMS 0x0000000084900000, 0x0000000084900000| Untracked 
|  52|0x0000000084a00000, 0x0000000084a00000, 0x0000000084b00000|  0%| F|  |TAMS 0x0000000084a00000, 0x0000000084a00000| Untracked 
|  53|0x0000000084b00000, 0x0000000084b00000, 0x0000000084c00000|  0%| F|  |TAMS 0x0000000084b00000, 0x0000000084b00000| Untracked 
|  54|0x0000000084c00000, 0x0000000084c00000, 0x0000000084d00000|  0%| F|  |TAMS 0x0000000084c00000, 0x0000000084c00000| Untracked 
|  55|0x0000000084d00000, 0x0000000084d00000, 0x0000000084e00000|  0%| F|  |TAMS 0x0000000084d00000, 0x0000000084d00000| Untracked 
|  56|0x0000000084e00000, 0x0000000084e00000, 0x0000000084f00000|  0%| F|  |TAMS 0x0000000084e00000, 0x0000000084e00000| Untracked 
|  57|0x0000000084f00000, 0x0000000084f00000, 0x0000000085000000|  0%| F|  |TAMS 0x0000000084f00000, 0x0000000084f00000| Untracked 
|  58|0x0000000085000000, 0x0000000085000000, 0x0000000085100000|  0%| F|  |TAMS 0x0000000085000000, 0x0000000085000000| Untracked 
|  59|0x0000000085100000, 0x0000000085100000, 0x0000000085200000|  0%| F|  |TAMS 0x0000000085100000, 0x0000000085100000| Untracked 
|  60|0x0000000085200000, 0x0000000085200000, 0x0000000085300000|  0%| F|  |TAMS 0x0000000085200000, 0x0000000085200000| Untracked 
|  61|0x0000000085300000, 0x0000000085300000, 0x0000000085400000|  0%| F|  |TAMS 0x0000000085300000, 0x0000000085300000| Untracked 
|  62|0x0000000085400000, 0x0000000085400000, 0x0000000085500000|  0%| F|  |TAMS 0x0000000085400000, 0x0000000085400000| Untracked 
|  63|0x0000000085500000, 0x0000000085500000, 0x0000000085600000|  0%| F|  |TAMS 0x0000000085500000, 0x0000000085500000| Untracked 
|  64|0x0000000085600000, 0x0000000085600000, 0x0000000085700000|  0%| F|  |TAMS 0x0000000085600000, 0x0000000085600000| Untracked 
|  65|0x0000000085700000, 0x0000000085700000, 0x0000000085800000|  0%| F|  |TAMS 0x0000000085700000, 0x0000000085700000| Untracked 
|  66|0x0000000085800000, 0x0000000085800000, 0x0000000085900000|  0%| F|  |TAMS 0x0000000085800000, 0x0000000085800000| Untracked 
|  67|0x0000000085900000, 0x0000000085900000, 0x0000000085a00000|  0%| F|  |TAMS 0x0000000085900000, 0x0000000085900000| Untracked 
|  68|0x0000000085a00000, 0x0000000085a00000, 0x0000000085b00000|  0%| F|  |TAMS 0x0000000085a00000, 0x0000000085a00000| Untracked 
|  69|0x0000000085b00000, 0x0000000085b00000, 0x0000000085c00000|  0%| F|  |TAMS 0x0000000085b00000, 0x0000000085b00000| Untracked 
|  70|0x0000000085c00000, 0x0000000085c00000, 0x0000000085d00000|  0%| F|  |TAMS 0x0000000085c00000, 0x0000000085c00000| Untracked 
|  71|0x0000000085d00000, 0x0000000085d00000, 0x0000000085e00000|  0%| F|  |TAMS 0x0000000085d00000, 0x0000000085d00000| Untracked 
|  72|0x0000000085e00000, 0x0000000085e00000, 0x0000000085f00000|  0%| F|  |TAMS 0x0000000085e00000, 0x0000000085e00000| Untracked 
|  73|0x0000000085f00000, 0x0000000085f00000, 0x0000000086000000|  0%| F|  |TAMS 0x0000000085f00000, 0x0000000085f00000| Untracked 
|  74|0x0000000086000000, 0x0000000086000000, 0x0000000086100000|  0%| F|  |TAMS 0x0000000086000000, 0x0000000086000000| Untracked 
|  75|0x0000000086100000, 0x0000000086100000, 0x0000000086200000|  0%| F|  |TAMS 0x0000000086100000, 0x0000000086100000| Untracked 
|  76|0x0000000086200000, 0x0000000086200000, 0x0000000086300000|  0%| F|  |TAMS 0x0000000086200000, 0x0000000086200000| Untracked 
|  77|0x0000000086300000, 0x0000000086300000, 0x0000000086400000|  0%| F|  |TAMS 0x0000000086300000, 0x0000000086300000| Untracked 
|  78|0x0000000086400000, 0x0000000086400000, 0x0000000086500000|  0%| F|  |TAMS 0x0000000086400000, 0x0000000086400000| Untracked 
|  79|0x0000000086500000, 0x0000000086500000, 0x0000000086600000|  0%| F|  |TAMS 0x0000000086500000, 0x0000000086500000| Untracked 
|  80|0x0000000086600000, 0x0000000086600000, 0x0000000086700000|  0%| F|  |TAMS 0x0000000086600000, 0x0000000086600000| Untracked 
|  81|0x0000000086700000, 0x0000000086700000, 0x0000000086800000|  0%| F|  |TAMS 0x0000000086700000, 0x0000000086700000| Untracked 
|  82|0x0000000086800000, 0x0000000086800000, 0x0000000086900000|  0%| F|  |TAMS 0x0000000086800000, 0x0000000086800000| Untracked 
|  83|0x0000000086900000, 0x0000000086900000, 0x0000000086a00000|  0%| F|  |TAMS 0x0000000086900000, 0x0000000086900000| Untracked 
|  84|0x0000000086a00000, 0x0000000086a00000, 0x0000000086b00000|  0%| F|  |TAMS 0x0000000086a00000, 0x0000000086a00000| Untracked 
|  85|0x0000000086b00000, 0x0000000086b00000, 0x0000000086c00000|  0%| F|  |TAMS 0x0000000086b00000, 0x0000000086b00000| Untracked 
|  86|0x0000000086c00000, 0x0000000086c00000, 0x0000000086d00000|  0%| F|  |TAMS 0x0000000086c00000, 0x0000000086c00000| Untracked 
|  87|0x0000000086d00000, 0x0000000086d00000, 0x0000000086e00000|  0%| F|  |TAMS 0x0000000086d00000, 0x0000000086d00000| Untracked 
|  88|0x0000000086e00000, 0x0000000086e00000, 0x0000000086f00000|  0%| F|  |TAMS 0x0000000086e00000, 0x0000000086e00000| Untracked 
|  89|0x0000000086f00000, 0x0000000086f00000, 0x0000000087000000|  0%| F|  |TAMS 0x0000000086f00000, 0x0000000086f00000| Untracked 
|  90|0x0000000087000000, 0x0000000087000000, 0x0000000087100000|  0%| F|  |TAMS 0x0000000087000000, 0x0000000087000000| Untracked 
|  91|0x0000000087100000, 0x0000000087100000, 0x0000000087200000|  0%| F|  |TAMS 0x0000000087100000, 0x0000000087100000| Untracked 
|  92|0x0000000087200000, 0x0000000087200000, 0x0000000087300000|  0%| F|  |TAMS 0x0000000087200000, 0x0000000087200000| Untracked 
|  93|0x0000000087300000, 0x0000000087300000, 0x0000000087400000|  0%| F|  |TAMS 0x0000000087300000, 0x0000000087300000| Untracked 
|  94|0x0000000087400000, 0x0000000087400000, 0x0000000087500000|  0%| F|  |TAMS 0x0000000087400000, 0x0000000087400000| Untracked 
|  95|0x0000000087500000, 0x0000000087500000, 0x0000000087600000|  0%| F|  |TAMS 0x0000000087500000, 0x0000000087500000| Untracked 
|  96|0x0000000087600000, 0x0000000087600000, 0x0000000087700000|  0%| F|  |TAMS 0x0000000087600000, 0x0000000087600000| Untracked 
|  97|0x0000000087700000, 0x0000000087700000, 0x0000000087800000|  0%| F|  |TAMS 0x0000000087700000, 0x0000000087700000| Untracked 
|  98|0x0000000087800000, 0x0000000087800000, 0x0000000087900000|  0%| F|  |TAMS 0x0000000087800000, 0x0000000087800000| Untracked 
|  99|0x0000000087900000, 0x0000000087900000, 0x0000000087a00000|  0%| F|  |TAMS 0x0000000087900000, 0x0000000087900000| Untracked 
| 100|0x0000000087a00000, 0x0000000087a00000, 0x0000000087b00000|  0%| F|  |TAMS 0x0000000087a00000, 0x0000000087a00000| Untracked 
| 101|0x0000000087b00000, 0x0000000087b00000, 0x0000000087c00000|  0%| F|  |TAMS 0x0000000087b00000, 0x0000000087b00000| Untracked 
| 102|0x0000000087c00000, 0x0000000087c00000, 0x0000000087d00000|  0%| F|  |TAMS 0x0000000087c00000, 0x0000000087c00000| Untracked 
| 103|0x0000000087d00000, 0x0000000087d00000, 0x0000000087e00000|  0%| F|  |TAMS 0x0000000087d00000, 0x0000000087d00000| Untracked 
| 104|0x0000000087e00000, 0x0000000087e00000, 0x0000000087f00000|  0%| F|  |TAMS 0x0000000087e00000, 0x0000000087e00000| Untracked 
| 105|0x0000000087f00000, 0x0000000087f00000, 0x0000000088000000|  0%| F|  |TAMS 0x0000000087f00000, 0x0000000087f00000| Untracked 
| 106|0x0000000088000000, 0x0000000088000000, 0x0000000088100000|  0%| F|  |TAMS 0x0000000088000000, 0x0000000088000000| Untracked 
| 107|0x0000000088100000, 0x0000000088100000, 0x0000000088200000|  0%| F|  |TAMS 0x0000000088100000, 0x0000000088100000| Untracked 
| 108|0x0000000088200000, 0x0000000088200000, 0x0000000088300000|  0%| F|  |TAMS 0x0000000088200000, 0x0000000088200000| Untracked 
| 109|0x0000000088300000, 0x0000000088300000, 0x0000000088400000|  0%| F|  |TAMS 0x0000000088300000, 0x0000000088300000| Untracked 
| 110|0x0000000088400000, 0x0000000088400000, 0x0000000088500000|  0%| F|  |TAMS 0x0000000088400000, 0x0000000088400000| Untracked 
| 111|0x0000000088500000, 0x0000000088500000, 0x0000000088600000|  0%| F|  |TAMS 0x0000000088500000, 0x0000000088500000| Untracked 
| 112|0x0000000088600000, 0x0000000088600000, 0x0000000088700000|  0%| F|  |TAMS 0x0000000088600000, 0x0000000088600000| Untracked 
| 113|0x0000000088700000, 0x0000000088700000, 0x0000000088800000|  0%| F|  |TAMS 0x0000000088700000, 0x0000000088700000| Untracked 
| 114|0x0000000088800000, 0x0000000088800000, 0x0000000088900000|  0%| F|  |TAMS 0x0000000088800000, 0x0000000088800000| Untracked 
| 115|0x0000000088900000, 0x0000000088900000, 0x0000000088a00000|  0%| F|  |TAMS 0x0000000088900000, 0x0000000088900000| Untracked 
| 116|0x0000000088a00000, 0x0000000088a00000, 0x0000000088b00000|  0%| F|  |TAMS 0x0000000088a00000, 0x0000000088a00000| Untracked 
| 117|0x0000000088b00000, 0x0000000088b00000, 0x0000000088c00000|  0%| F|  |TAMS 0x0000000088b00000, 0x0000000088b00000| Untracked 
| 118|0x0000000088c00000, 0x0000000088c00000, 0x0000000088d00000|  0%| F|  |TAMS 0x0000000088c00000, 0x0000000088c00000| Untracked 
| 119|0x0000000088d00000, 0x0000000088d00000, 0x0000000088e00000|  0%| F|  |TAMS 0x0000000088d00000, 0x0000000088d00000| Untracked 
| 120|0x0000000088e00000, 0x0000000088e00000, 0x0000000088f00000|  0%| F|  |TAMS 0x0000000088e00000, 0x0000000088e00000| Untracked 
| 121|0x0000000088f00000, 0x0000000088f00000, 0x0000000089000000|  0%| F|  |TAMS 0x0000000088f00000, 0x0000000088f00000| Untracked 
| 122|0x0000000089000000, 0x0000000089000000, 0x0000000089100000|  0%| F|  |TAMS 0x0000000089000000, 0x0000000089000000| Untracked 
| 123|0x0000000089100000, 0x00000000891ca918, 0x0000000089200000| 79%| E|  |TAMS 0x0000000089100000, 0x0000000089100000| Complete 
| 124|0x0000000089200000, 0x0000000089300000, 0x0000000089300000|100%| E|CS|TAMS 0x0000000089200000, 0x0000000089200000| Complete 
| 125|0x0000000089300000, 0x0000000089400000, 0x0000000089400000|100%| E|CS|TAMS 0x0000000089300000, 0x0000000089300000| Complete 
| 126|0x0000000089400000, 0x0000000089500000, 0x0000000089500000|100%| E|CS|TAMS 0x0000000089400000, 0x0000000089400000| Complete 
| 127|0x0000000089500000, 0x0000000089600000, 0x0000000089600000|100%| E|CS|TAMS 0x0000000089500000, 0x0000000089500000| Complete 

Card table byte_map: [0x0000023cd4b80000,0x0000023cd4f80000] _byte_map_base: 0x0000023cd4775000

Marking Bits (Prev, Next): (CMBitMap*) 0x0000023cbe03b510, (CMBitMap*) 0x0000023cbe03b550
 Prev Bits: [0x0000023cd5380000, 0x0000023cd7328000)
 Next Bits: [0x0000023cd7330000, 0x0000023cd92d8000)

Polling page: 0x0000023cbd7e0000

Metaspace:

Usage:
  Non-class:      2.31 MB used.
      Class:    225.16 KB used.
       Both:      2.53 MB used.

Virtual space:
  Non-class space:        8.00 MB reserved,       2.38 MB ( 30%) committed,  1 nodes.
      Class space:        1.00 GB reserved,     320.00 KB ( <1%) committed,  1 nodes.
              Both:        1.01 GB reserved,       2.69 MB ( <1%) committed. 

Chunk freelists:
   Non-Class:  3.75 MB
       Class:  3.73 MB
        Both:  7.48 MB

MaxMetaspaceSize: 17179869184.00 GB
CompressedClassSpaceSize: 1.00 GB
 - commit_granule_bytes: 65536.
 - commit_granule_words: 8192.
 - virtual_space_node_default_size: 1048576.
 - enlarge_chunks_in_place: 1.
 - new_chunks_are_fully_committed: 0.
 - uncommit_free_chunks: 1.
 - use_allocation_guard: 0.
 - handle_deallocations: 1.


Internal statistics:

num_allocs_failed_limit: 0.
num_arena_births: 10.
num_arena_deaths: 0.
num_vsnodes_births: 2.
num_vsnodes_deaths: 0.
num_space_committed: 43.
num_space_uncommitted: 0.
num_chunks_returned_to_freelist: 0.
num_chunks_taken_from_freelist: 32.
num_chunk_merges: 0.
num_chunk_splits: 14.
num_chunks_enlarged: 9.
num_purges: 0.

CodeHeap 'non-profiled nmethods': size=120000Kb used=119Kb max_used=119Kb free=119880Kb
 bounds [0x0000023ccd250000, 0x0000023ccd4c0000, 0x0000023cd4780000]
CodeHeap 'profiled nmethods': size=120000Kb used=491Kb max_used=491Kb free=119508Kb
 bounds [0x0000023cc5d20000, 0x0000023cc5f90000, 0x0000023ccd250000]
CodeHeap 'non-nmethods': size=5760Kb used=1210Kb max_used=1229Kb free=4549Kb
 bounds [0x0000023cc5780000, 0x0000023cc59f0000, 0x0000023cc5d20000]
 total_blobs=794 nmethods=374 adapters=333
 compilation: enabled
              stopped_count=0, restarted_count=0
 full_count=0

Compilation events (20 events):
Event: 66.938 Thread 0x0000023cdb7754d0  366       3       org.eclipse.jdt.launching.internal.org.objectweb.asm.ClassReader::readUtf (44 bytes)
Event: 66.939 Thread 0x0000023cdb7754d0 nmethod 366 0x0000023cc5d97410 code [0x0000023cc5d975e0, 0x0000023cc5d979f8]
Event: 82.748 Thread 0x0000023cdb7754d0  367       3       org.eclipse.jdt.launching.internal.org.objectweb.asm.ClassReader::getItem (7 bytes)
Event: 82.748 Thread 0x0000023cdb7754d0 nmethod 367 0x0000023cc5d97b90 code [0x0000023cc5d97d20, 0x0000023cc5d97e58]
Event: 97.288 Thread 0x0000023cdb7754d0  368       3       java.lang.String::<init> (14 bytes)
Event: 97.289 Thread 0x0000023cdb7754d0 nmethod 368 0x0000023cc5d97f10 code [0x0000023cc5d980e0, 0x0000023cc5d982f8]
Event: 97.289 Thread 0x0000023cdb7754d0  369       3       org.eclipse.jdt.launching.internal.org.objectweb.asm.SymbolTable::hash (10 bytes)
Event: 97.289 Thread 0x0000023cdb7754d0 nmethod 369 0x0000023cc5d98410 code [0x0000023cc5d985c0, 0x0000023cc5d98708]
Event: 97.289 Thread 0x0000023cdb7754d0  370       3       org.eclipse.jdt.launching.internal.org.objectweb.asm.Symbol::<init> (38 bytes)
Event: 97.290 Thread 0x0000023cdb7754d0 nmethod 370 0x0000023cc5d98810 code [0x0000023cc5d989c0, 0x0000023cc5d98c58]
Event: 97.290 Thread 0x0000023cdb7754d0  371       3       org.eclipse.jdt.launching.internal.org.objectweb.asm.SymbolTable::add (39 bytes)
Event: 97.290 Thread 0x0000023cdb7754d0 nmethod 371 0x0000023cc5d98d90 code [0x0000023cc5d98f40, 0x0000023cc5d99298]
Event: 97.290 Thread 0x0000023cdb7754d0  372       3       org.eclipse.jdt.launching.internal.org.objectweb.asm.SymbolTable$Entry::<init> (17 bytes)
Event: 97.290 Thread 0x0000023cdb7754d0 nmethod 372 0x0000023cc5d99410 code [0x0000023cc5d995c0, 0x0000023cc5d99768]
Event: 180.073 Thread 0x0000023cdb7754d0  373       3       org.eclipse.jdt.launching.internal.org.objectweb.asm.ClassReader::readUtf (161 bytes)
Event: 180.073 Thread 0x0000023cdb7754d0 nmethod 373 0x0000023cc5d99810 code [0x0000023cc5d999e0, 0x0000023cc5d99ea8]
Event: 180.074 Thread 0x0000023cdb7754d0  374       3       org.eclipse.jdt.launching.internal.org.objectweb.asm.ClassReader::readUTF8 (23 bytes)
Event: 180.074 Thread 0x0000023cdb7754d0 nmethod 374 0x0000023cc5d9a190 code [0x0000023cc5d9a360, 0x0000023cc5d9a5b8]
Event: 220.113 Thread 0x0000023cdb7754d0  375       3       org.eclipse.jdt.launching.internal.org.objectweb.asm.SymbolTable::addConstantUtf8 (20 bytes)
Event: 220.113 Thread 0x0000023cdb7754d0 nmethod 375 0x0000023cc5d9a690 code [0x0000023cc5d9a860, 0x0000023cc5d9ab28]

GC Heap History (0 events):
No events

Deoptimization events (20 events):
Event: 0.571 Thread 0x0000023cbdffbf60 DEOPT PACKING pc=0x0000023cc5d84570 sp=0x000000fda0cf7d60
Event: 0.571 Thread 0x0000023cbdffbf60 DEOPT UNPACKING pc=0x0000023cc57cdece sp=0x000000fda0cf71c8 mode 0
Event: 0.573 Thread 0x0000023cbdffbf60 DEOPT PACKING pc=0x0000023cc5d84570 sp=0x000000fda0cf7d60
Event: 0.573 Thread 0x0000023cbdffbf60 DEOPT UNPACKING pc=0x0000023cc57cdece sp=0x000000fda0cf71c8 mode 0
Event: 0.573 Thread 0x0000023cbdffbf60 DEOPT PACKING pc=0x0000023cc5d84570 sp=0x000000fda0cf7d60
Event: 0.573 Thread 0x0000023cbdffbf60 DEOPT UNPACKING pc=0x0000023cc57cdece sp=0x000000fda0cf71c8 mode 0
Event: 0.573 Thread 0x0000023cbdffbf60 DEOPT PACKING pc=0x0000023cc5d84570 sp=0x000000fda0cf7d60
Event: 0.573 Thread 0x0000023cbdffbf60 DEOPT UNPACKING pc=0x0000023cc57cdece sp=0x000000fda0cf71c8 mode 0
Event: 0.577 Thread 0x0000023cbdffbf60 DEOPT PACKING pc=0x0000023cc5d84570 sp=0x000000fda0cfb790
Event: 0.577 Thread 0x0000023cbdffbf60 DEOPT UNPACKING pc=0x0000023cc57cdece sp=0x000000fda0cfabf8 mode 0
Event: 0.578 Thread 0x0000023cbdffbf60 DEOPT PACKING pc=0x0000023cc5d84570 sp=0x000000fda0cfb790
Event: 0.578 Thread 0x0000023cbdffbf60 DEOPT UNPACKING pc=0x0000023cc57cdece sp=0x000000fda0cfabf8 mode 0
Event: 0.579 Thread 0x0000023cbdffbf60 DEOPT PACKING pc=0x0000023cc5d84570 sp=0x000000fda0cf7ce0
Event: 0.580 Thread 0x0000023cbdffbf60 DEOPT UNPACKING pc=0x0000023cc57cdece sp=0x000000fda0cf7148 mode 0
Event: 0.582 Thread 0x0000023cbdffbf60 DEOPT PACKING pc=0x0000023cc5d84570 sp=0x000000fda0cfb6c0
Event: 0.583 Thread 0x0000023cbdffbf60 DEOPT UNPACKING pc=0x0000023cc57cdece sp=0x000000fda0cfab28 mode 0
Event: 0.594 Thread 0x0000023cbdffbf60 DEOPT PACKING pc=0x0000023cc5d84570 sp=0x000000fda0cf7950
Event: 0.594 Thread 0x0000023cbdffbf60 DEOPT UNPACKING pc=0x0000023cc57cdece sp=0x000000fda0cf6db8 mode 0
Event: 0.594 Thread 0x0000023cbdffbf60 DEOPT PACKING pc=0x0000023cc5d84570 sp=0x000000fda0cf78c0
Event: 0.594 Thread 0x0000023cbdffbf60 DEOPT UNPACKING pc=0x0000023cc57cdece sp=0x000000fda0cf6d28 mode 0

Classes unloaded (0 events):
No events

Classes redefined (7 events):
Event: 20.290 Thread 0x0000023cdb74bcd0 redefined class name=Chapter4.Ex1, count=1
Event: 31.849 Thread 0x0000023cdb74bcd0 redefined class name=Chapter4.Ex1, count=2
Event: 66.940 Thread 0x0000023cdb74bcd0 redefined class name=Chapter4.Ex1, count=3
Event: 82.749 Thread 0x0000023cdb74bcd0 redefined class name=Chapter4.Ex1, count=4
Event: 97.292 Thread 0x0000023cdb74bcd0 redefined class name=Chapter4.Ex1, count=5
Event: 180.075 Thread 0x0000023cdb74bcd0 redefined class name=Chapter4.Ex1, count=6
Event: 220.116 Thread 0x0000023cdb74bcd0 redefined class name=Chapter4.Ex1, count=7

Internal exceptions (1 events):
Event: 0.540 Thread 0x0000023cbdffbf60 Exception <a 'java/lang/NoSuchMethodError'{0x00000000892a9820}: 'java.lang.Object java.lang.invoke.DirectMethodHandle$Holder.invokeStatic(java.lang.Object)'> (0x00000000892a9820) 
thrown [t:\workspace\open\src\hotspot\share\interpreter\linkResolver.cpp, line 790]

Events (20 events):
Event: 20.294 Executing  VM operation: RedefineClasses done
Event: 31.848 Executing  VM operation: RedefineClasses
Event: 31.852 Executing  VM operation: RedefineClasses done
Event: 66.939 Executing  VM operation: RedefineClasses
Event: 66.942 Executing  VM operation: RedefineClasses done
Event: 82.748 Executing  VM operation: RedefineClasses
Event: 82.751 Executing  VM operation: RedefineClasses done
Event: 97.291 Executing  VM operation: RedefineClasses
Event: 97.294 Executing  VM operation: RedefineClasses done
Event: 119.310 Executing  VM operation: ChangeBreakpoints
Event: 119.310 Executing  VM operation: ChangeBreakpoints done
Event: 131.030 Executing  VM operation: ChangeBreakpoints
Event: 131.030 Executing  VM operation: ChangeBreakpoints done
Event: 134.755 Executing  VM operation: ChangeBreakpoints
Event: 134.755 Executing  VM operation: ChangeBreakpoints done
Event: 180.074 Executing  VM operation: RedefineClasses
Event: 180.078 Executing  VM operation: RedefineClasses done
Event: 180.089 Executing  VM operation: ChangeBreakpoints
Event: 180.089 Executing  VM operation: ChangeBreakpoints done
Event: 220.114 Executing  VM operation: RedefineClasses


Dynamic libraries:
0x00007ff7a8430000 - 0x00007ff7a8440000 	C:\Program Files\Java\jdk-16.0.2\bin\javaw.exe
0x00007ff98ca90000 - 0x00007ff98cc87000 	C:\WINDOWS\SYSTEM32\ntdll.dll
0x00007ff98c060000 - 0x00007ff98c11d000 	C:\WINDOWS\System32\KERNEL32.DLL
0x00007ff98a620000 - 0x00007ff98a8ed000 	C:\WINDOWS\System32\KERNELBASE.dll
0x00007ff98a8f0000 - 0x00007ff98a9f0000 	C:\WINDOWS\System32\ucrtbase.dll
0x00007ff987690000 - 0x00007ff9876a9000 	C:\Program Files\Java\jdk-16.0.2\bin\VCRUNTIME140.dll
0x00007ff9876b0000 - 0x00007ff9876c8000 	C:\Program Files\Java\jdk-16.0.2\bin\jli.dll
0x00007ff98bf80000 - 0x00007ff98c02e000 	C:\WINDOWS\System32\ADVAPI32.dll
0x00007ff98b930000 - 0x00007ff98b9ce000 	C:\WINDOWS\System32\msvcrt.dll
0x00007ff98c150000 - 0x00007ff98c1ec000 	C:\WINDOWS\System32\sechost.dll
0x00007ff98afb0000 - 0x00007ff98b0d5000 	C:\WINDOWS\System32\RPCRT4.dll
0x00007ff98bce0000 - 0x00007ff98be80000 	C:\WINDOWS\System32\USER32.dll
0x00007ff98a230000 - 0x00007ff98a252000 	C:\WINDOWS\System32\win32u.dll
0x00007ff97f500000 - 0x00007ff97f79a000 	C:\WINDOWS\WinSxS\amd64_microsoft.windows.common-controls_6595b64144ccf1df_6.0.19041.1110_none_60b5254171f9507e\COMCTL32.dll
0x00007ff98c030000 - 0x00007ff98c05a000 	C:\WINDOWS\System32\GDI32.dll
0x00007ff98a510000 - 0x00007ff98a61b000 	C:\WINDOWS\System32\gdi32full.dll
0x00007ff98a470000 - 0x00007ff98a50d000 	C:\WINDOWS\System32\msvcp_win.dll
0x00007ff982d00000 - 0x00007ff982d0a000 	C:\WINDOWS\SYSTEM32\VERSION.dll
0x00007ff98c120000 - 0x00007ff98c150000 	C:\WINDOWS\System32\IMM32.DLL
0x00007ff9840f0000 - 0x00007ff9840fc000 	C:\Program Files\Java\jdk-16.0.2\bin\vcruntime140_1.dll
0x00007ff94afd0000 - 0x00007ff94b061000 	C:\Program Files\Java\jdk-16.0.2\bin\msvcp140.dll
0x00007ff9200d0000 - 0x00007ff920c7b000 	C:\Program Files\Java\jdk-16.0.2\bin\server\jvm.dll
0x00007ff98ba00000 - 0x00007ff98ba08000 	C:\WINDOWS\System32\PSAPI.DLL
0x00007ff975850000 - 0x00007ff975859000 	C:\WINDOWS\SYSTEM32\WSOCK32.dll
0x00007ff98baf0000 - 0x00007ff98bb5b000 	C:\WINDOWS\System32\WS2_32.dll
0x00007ff9728e0000 - 0x00007ff972907000 	C:\WINDOWS\SYSTEM32\WINMM.dll
0x00007ff988290000 - 0x00007ff9882a2000 	C:\WINDOWS\SYSTEM32\kernel.appcore.dll
0x00007ff9876f0000 - 0x00007ff9876fa000 	C:\Program Files\Java\jdk-16.0.2\bin\jimage.dll
0x00007ff987fb0000 - 0x00007ff988194000 	C:\WINDOWS\SYSTEM32\DBGHELP.DLL
0x00007ff9727a0000 - 0x00007ff9727cc000 	C:\WINDOWS\SYSTEM32\dbgcore.DLL
0x00007ff98a9f0000 - 0x00007ff98aa72000 	C:\WINDOWS\System32\bcryptPrimitives.dll
0x00007ff973960000 - 0x00007ff97399b000 	C:\Program Files\Java\jdk-16.0.2\bin\jdwp.dll
0x00007ff9840e0000 - 0x00007ff9840ee000 	C:\Program Files\Java\jdk-16.0.2\bin\instrument.dll
0x00007ff956aa0000 - 0x00007ff956ac5000 	C:\Program Files\Java\jdk-16.0.2\bin\java.dll
0x00007ff98c300000 - 0x00007ff98ca44000 	C:\WINDOWS\System32\SHELL32.dll
0x00007ff9882b0000 - 0x00007ff988a44000 	C:\WINDOWS\SYSTEM32\windows.storage.dll
0x00007ff98b5d0000 - 0x00007ff98b924000 	C:\WINDOWS\System32\combase.dll
0x00007ff989b40000 - 0x00007ff989b6c000 	C:\WINDOWS\SYSTEM32\Wldp.dll
0x00007ff98abc0000 - 0x00007ff98ac6d000 	C:\WINDOWS\System32\SHCORE.dll
0x00007ff98be80000 - 0x00007ff98bed5000 	C:\WINDOWS\System32\shlwapi.dll
0x00007ff98a0f0000 - 0x00007ff98a10f000 	C:\WINDOWS\SYSTEM32\profapi.dll
0x00007ff9840d0000 - 0x00007ff9840dc000 	C:\Program Files\Java\jdk-16.0.2\bin\dt_socket.dll
0x00007ff989590000 - 0x00007ff9895cb000 	C:\WINDOWS\SYSTEM32\IPHLPAPI.DLL
0x00007ff9898a0000 - 0x00007ff98990a000 	C:\WINDOWS\system32\mswsock.dll
0x00007ff9895d0000 - 0x00007ff98969b000 	C:\WINDOWS\SYSTEM32\DNSAPI.dll
0x00007ff98bf70000 - 0x00007ff98bf78000 	C:\WINDOWS\System32\NSI.dll
0x00007ff9803b0000 - 0x00007ff9803ba000 	C:\Windows\System32\rasadhlp.dll
0x00007ff97cff0000 - 0x00007ff97d070000 	C:\WINDOWS\System32\fwpuclnt.dll
0x00007ff98a200000 - 0x00007ff98a227000 	C:\WINDOWS\System32\bcrypt.dll
0x00007ff97ffe0000 - 0x00007ff97fff8000 	C:\Program Files\Java\jdk-16.0.2\bin\zip.dll
0x00007ff984bb0000 - 0x00007ff984bc9000 	C:\Program Files\Java\jdk-16.0.2\bin\net.dll
0x00007ff981bf0000 - 0x00007ff981cfa000 	C:\WINDOWS\SYSTEM32\WINHTTP.dll
0x00007ff983ee0000 - 0x00007ff983ef3000 	C:\Program Files\Java\jdk-16.0.2\bin\nio.dll
0x00007ff987660000 - 0x00007ff987670000 	C:\Program Files\Java\jdk-16.0.2\bin\verify.dll

dbghelp: loaded successfully - version: 4.0.5 - missing functions: none
symbol engine: initialized successfully - sym options: 0x614 - pdb path: .;C:\Program Files\Java\jdk-16.0.2\bin;C:\WINDOWS\SYSTEM32;C:\WINDOWS\WinSxS\amd64_microsoft.windows.common-controls_6595b64144ccf1df_6.0.19041.1110_none_60b5254171f9507e;C:\Program Files\Java\jdk-16.0.2\bin\server

VM Arguments:
jvm_args: -XX:+ShowCodeDetailsInExceptionMessages -agentlib:jdwp=transport=dt_socket,suspend=y,address=localhost:64499 -javaagent:C:\Users\Bozhidar Kapudzhiev\eclipse\java-2022-06\eclipse\configuration\org.eclipse.osgi\215\0\.cp\lib\javaagent-shaded.jar -Dfile.encoding=UTF-8 
java_command: Chapter4.Ex1
java_class_path (initial): C:\Users\Bozhidar Kapudzhiev\Downloads\Intoduction In Java\Introduction-In-Java\bin
Launcher Type: SUN_STANDARD

[Global flags]
     intx CICompilerCount                          = 3                                         {product} {ergonomic}
     uint ConcGCThreads                            = 1                                         {product} {ergonomic}
     uint G1ConcRefinementThreads                  = 4                                         {product} {ergonomic}
   size_t G1HeapRegionSize                         = 1048576                                   {product} {ergonomic}
    uintx GCDrainStackTargetSize                   = 64                                        {product} {ergonomic}
   size_t InitialHeapSize                          = 134217728                                 {product} {ergonomic}
   size_t MarkStackSize                            = 4194304                                   {product} {ergonomic}
   size_t MaxHeapSize                              = 2124414976                                {product} {ergonomic}
   size_t MaxNewSize                               = 1274019840                                {product} {ergonomic}
   size_t MinHeapDeltaBytes                        = 1048576                                   {product} {ergonomic}
   size_t MinHeapSize                              = 8388608                                   {product} {ergonomic}
    uintx NonNMethodCodeHeapSize                   = 5832780                                {pd product} {ergonomic}
    uintx NonProfiledCodeHeapSize                  = 122912730                              {pd product} {ergonomic}
    uintx ProfiledCodeHeapSize                     = 122912730                              {pd product} {ergonomic}
    uintx ReservedCodeCacheSize                    = 251658240                              {pd product} {ergonomic}
     bool SegmentedCodeCache                       = true                                      {product} {ergonomic}
     bool ShowCodeDetailsInExceptionMessages       = true                                   {manageable} {command line}
   size_t SoftMaxHeapSize                          = 2124414976                             {manageable} {ergonomic}
     bool UseCompressedClassPointers               = true                           {product lp64_product} {ergonomic}
     bool UseCompressedOops                        = true                           {product lp64_product} {ergonomic}
     bool UseG1GC                                  = true                                      {product} {ergonomic}
     bool UseLargePagesIndividualAllocation        = false                                  {pd product} {ergonomic}

Logging:
Log output configuration:
 #0: stdout all=warning uptime,level,tags
 #1: stderr all=off uptime,level,tags

Environment Variables:
JAVA_HOME=C:\Program Files\Java\jdk-16.0.2
PATH=C:/Program Files/Java/jdk-16.0.2/bin/server;C:/Program Files/Java/jdk-16.0.2/bin;C:\Program Files\Java\jdk-16.0.2\bin;C:\Program Files (x86)\dotnet\;C:\WINDOWS\system32;C:\Users\Bozhidar Kapudzhiev\Downloads\mongodb-windows-x86_64-5.0.4\mongodb-win32-x86_64-windows-5.0.4\bin;C:\Program Files\nodejs\;C:\Program Files\dotnet\;C:\Program Files\MySQL\MySQL Shell 8.0\bin\;C:\Users\Bozhidar Kapudzhiev\.dotnet\tools;C:\Users\Bozhidar Kapudzhiev\AppData\Local\Programs\Microsoft VS Code\bin;C:\Users\Bozhidar Kapudzhiev\AppData\Local\Microsoft\WindowsApps;C:\Users\Bozhidar Kapudzhiev\AppData\Local\GitHubDesktop\bin;;C:\Program Files\JetBrains\IntelliJ IDEA Community Edition 2020.3.2\bin;;C:\Users\Bozhidar Kapudzhiev\AppData\Roaming\npm;C:\WINDOWS\System32;
USERNAME=Bozhidar Kapudzhiev
OS=Windows_NT
PROCESSOR_IDENTIFIER=Intel64 Family 6 Model 142 Stepping 9, GenuineIntel



---------------  S Y S T E M  ---------------

OS:
 Windows 10 , 64 bit Build 19041 (10.0.19041.1741)
OS uptime: 2 days 0:49 hours

CPU: total 4 (initial active 4) (2 cores per cpu, 2 threads per core) family 6 model 142 stepping 9 microcode 0xde, cx8, cmov, fxsr, ht, mmx, 3dnowpref, sse, sse2, sse3, ssse3, sse4.1, sse4.2, popcnt, lzcnt, tsc, tscinvbit, avx, avx2, aes, erms, clmul, bmi1, bmi2, adx, fma, vzeroupper, clflush, clflushopt

Memory: 4k page, system-wide physical 8103M (1842M free)
TotalPageFile size 14759M (AvailPageFile size 4258M)
current process WorkingSet (physical memory assigned to process): 40M, peak: 43M
current process commit charge ("private bytes"): 204M, peak: 207M

vm_info: Java HotSpot(TM) 64-Bit Server VM (16.0.2+7-67) for windows-amd64 JRE (16.0.2+7-67), built on Jun  8 2021 23:24:19 by "mach5one" with MS VC++ 16.7 (VS2019)

END.
